[2024-01-03 13:12:37 [32mINFO [0;39m restartedMain] [com.green.greengram4.Greengram4Application] [36mStarting Greengram4Application using Java 17.0.8.1 with PID 7060 (D:\java\greengram4\build\classes\java\main started by Administrator in D:\java\greengram4)[0;39m
[2024-01-03 13:12:37 [32mINFO [0;39m restartedMain] [com.green.greengram4.Greengram4Application] [36mNo active profile set, falling back to 1 default profile: "default"[0;39m
[2024-01-03 13:12:37 [32mINFO [0;39m restartedMain] [org.springframework.boot.devtools.env.DevToolsPropertyDefaultsPostProcessor] [36mDevtools property defaults active! Set 'spring.devtools.add-properties' to 'false' to disable[0;39m
[2024-01-03 13:12:37 [32mINFO [0;39m restartedMain] [org.springframework.boot.devtools.env.DevToolsPropertyDefaultsPostProcessor] [36mFor additional web related logging consider setting the 'logging.level.web' property to 'DEBUG'[0;39m
[2024-01-03 13:12:38 [32mINFO [0;39m restartedMain] [org.springframework.boot.web.embedded.tomcat.TomcatWebServer] [36mTomcat initialized with port 8082 (http)[0;39m
[2024-01-03 13:12:38 [32mINFO [0;39m restartedMain] [org.apache.coyote.http11.Http11NioProtocol] [36mInitializing ProtocolHandler ["http-nio-8082"][0;39m
[2024-01-03 13:12:38 [32mINFO [0;39m restartedMain] [org.apache.catalina.core.StandardService] [36mStarting service [Tomcat][0;39m
[2024-01-03 13:12:38 [32mINFO [0;39m restartedMain] [org.apache.catalina.core.StandardEngine] [36mStarting Servlet engine: [Apache Tomcat/10.1.17][0;39m
[2024-01-03 13:12:38 [32mINFO [0;39m restartedMain] [org.apache.catalina.core.ContainerBase.[Tomcat].[localhost].[/]] [36mInitializing Spring embedded WebApplicationContext[0;39m
[2024-01-03 13:12:38 [32mINFO [0;39m restartedMain] [org.springframework.boot.web.servlet.context.ServletWebServerApplicationContext] [36mRoot WebApplicationContext: initialization completed in 883 ms[0;39m
[2024-01-03 13:12:39 [32mINFO [0;39m restartedMain] [org.springframework.boot.autoconfigure.web.servlet.WelcomePageHandlerMapping] [36mAdding welcome page: class path resource [static/index.html][0;39m
[2024-01-03 13:12:39 [33mWARN [0;39m restartedMain] [org.springframework.boot.autoconfigure.security.servlet.UserDetailsServiceAutoConfiguration] [36m

Using generated security password: 6ade8978-46e7-40fc-9b68-8c6e3075c947

This generated password is for development use only. Your security configuration must be updated before running your application in production.
[0;39m
[2024-01-03 13:12:39 [32mINFO [0;39m restartedMain] [org.springframework.security.web.DefaultSecurityFilterChain] [36mWill secure any request with [org.springframework.security.web.session.DisableEncodeUrlFilter@534d0591, org.springframework.security.web.context.request.async.WebAsyncManagerIntegrationFilter@37084efa, org.springframework.security.web.context.SecurityContextHolderFilter@7a2ed184, org.springframework.security.web.header.HeaderWriterFilter@78789d23, org.springframework.web.filter.CorsFilter@d0adc26, org.springframework.security.web.csrf.CsrfFilter@20f79ae9, org.springframework.security.web.authentication.logout.LogoutFilter@60569168, org.springframework.security.web.authentication.UsernamePasswordAuthenticationFilter@1f91b400, org.springframework.security.web.authentication.ui.DefaultLoginPageGeneratingFilter@2442c577, org.springframework.security.web.authentication.ui.DefaultLogoutPageGeneratingFilter@6936e709, org.springframework.security.web.authentication.www.BasicAuthenticationFilter@5326f0e2, org.springframework.security.web.savedrequest.RequestCacheAwareFilter@72a35496, org.springframework.security.web.servletapi.SecurityContextHolderAwareRequestFilter@66a65e46, org.springframework.security.web.authentication.AnonymousAuthenticationFilter@526c0633, org.springframework.security.web.access.ExceptionTranslationFilter@1a1fd872, org.springframework.security.web.access.intercept.AuthorizationFilter@62cad2df][0;39m
[2024-01-03 13:12:39 [32mINFO [0;39m restartedMain] [org.springframework.boot.devtools.autoconfigure.OptionalLiveReloadServer] [36mLiveReload server is running on port 35729[0;39m
[2024-01-03 13:12:39 [32mINFO [0;39m restartedMain] [org.apache.coyote.http11.Http11NioProtocol] [36mStarting ProtocolHandler ["http-nio-8082"][0;39m
[2024-01-03 13:12:39 [32mINFO [0;39m restartedMain] [org.springframework.boot.web.embedded.tomcat.TomcatWebServer] [36mTomcat started on port 8082 (http) with context path ''[0;39m
[2024-01-03 13:12:39 [32mINFO [0;39m restartedMain] [com.green.greengram4.Greengram4Application] [36mStarted Greengram4Application in 1.904 seconds (process running for 2.593)[0;39m
[2024-01-03 13:13:41 [32mINFO [0;39m restartedMain] [com.green.greengram4.Greengram4Application] [36mStarting Greengram4Application using Java 17.0.8.1 with PID 5696 (D:\java\greengram4\build\classes\java\main started by Administrator in D:\java\greengram4)[0;39m
[2024-01-03 13:13:41 [32mINFO [0;39m restartedMain] [com.green.greengram4.Greengram4Application] [36mNo active profile set, falling back to 1 default profile: "default"[0;39m
[2024-01-03 13:13:41 [32mINFO [0;39m restartedMain] [org.springframework.boot.devtools.env.DevToolsPropertyDefaultsPostProcessor] [36mDevtools property defaults active! Set 'spring.devtools.add-properties' to 'false' to disable[0;39m
[2024-01-03 13:13:41 [32mINFO [0;39m restartedMain] [org.springframework.boot.devtools.env.DevToolsPropertyDefaultsPostProcessor] [36mFor additional web related logging consider setting the 'logging.level.web' property to 'DEBUG'[0;39m
[2024-01-03 13:13:42 [32mINFO [0;39m restartedMain] [org.springframework.boot.web.embedded.tomcat.TomcatWebServer] [36mTomcat initialized with port 8082 (http)[0;39m
[2024-01-03 13:13:42 [32mINFO [0;39m restartedMain] [org.apache.coyote.http11.Http11NioProtocol] [36mInitializing ProtocolHandler ["http-nio-8082"][0;39m
[2024-01-03 13:13:42 [32mINFO [0;39m restartedMain] [org.apache.catalina.core.StandardService] [36mStarting service [Tomcat][0;39m
[2024-01-03 13:13:42 [32mINFO [0;39m restartedMain] [org.apache.catalina.core.StandardEngine] [36mStarting Servlet engine: [Apache Tomcat/10.1.17][0;39m
[2024-01-03 13:13:42 [32mINFO [0;39m restartedMain] [org.apache.catalina.core.ContainerBase.[Tomcat].[localhost].[/]] [36mInitializing Spring embedded WebApplicationContext[0;39m
[2024-01-03 13:13:42 [32mINFO [0;39m restartedMain] [org.springframework.boot.web.servlet.context.ServletWebServerApplicationContext] [36mRoot WebApplicationContext: initialization completed in 858 ms[0;39m
[2024-01-03 13:13:42 [32mINFO [0;39m restartedMain] [org.springframework.boot.autoconfigure.web.servlet.WelcomePageHandlerMapping] [36mAdding welcome page: class path resource [static/index.html][0;39m
[2024-01-03 13:13:42 [33mWARN [0;39m restartedMain] [org.springframework.boot.autoconfigure.security.servlet.UserDetailsServiceAutoConfiguration] [36m

Using generated security password: 2583cbf8-b39c-4c50-8368-ba62b0a0fd14

This generated password is for development use only. Your security configuration must be updated before running your application in production.
[0;39m
[2024-01-03 13:13:43 [32mINFO [0;39m restartedMain] [org.springframework.security.web.DefaultSecurityFilterChain] [36mWill secure any request with [org.springframework.security.web.session.DisableEncodeUrlFilter@14abfd23, org.springframework.security.web.context.request.async.WebAsyncManagerIntegrationFilter@746578e, org.springframework.security.web.context.SecurityContextHolderFilter@7b88de67, org.springframework.security.web.header.HeaderWriterFilter@57238453, org.springframework.web.filter.CorsFilter@589afb8c, org.springframework.security.web.csrf.CsrfFilter@1ba46719, org.springframework.security.web.authentication.logout.LogoutFilter@393531c6, org.springframework.security.web.authentication.UsernamePasswordAuthenticationFilter@140c2329, org.springframework.security.web.authentication.ui.DefaultLoginPageGeneratingFilter@2b55e1ea, org.springframework.security.web.authentication.ui.DefaultLogoutPageGeneratingFilter@573b8586, org.springframework.security.web.authentication.www.BasicAuthenticationFilter@5ac936fe, org.springframework.security.web.savedrequest.RequestCacheAwareFilter@2ded6fce, org.springframework.security.web.servletapi.SecurityContextHolderAwareRequestFilter@7f1c1bdf, org.springframework.security.web.authentication.AnonymousAuthenticationFilter@1cb238a7, org.springframework.security.web.access.ExceptionTranslationFilter@3db4b2cd, org.springframework.security.web.access.intercept.AuthorizationFilter@5009a9b3][0;39m
[2024-01-03 13:13:43 [32mINFO [0;39m restartedMain] [org.springframework.boot.devtools.autoconfigure.OptionalLiveReloadServer] [36mLiveReload server is running on port 35729[0;39m
[2024-01-03 13:13:43 [32mINFO [0;39m restartedMain] [org.apache.coyote.http11.Http11NioProtocol] [36mStarting ProtocolHandler ["http-nio-8082"][0;39m
[2024-01-03 13:13:43 [32mINFO [0;39m restartedMain] [org.springframework.boot.web.embedded.tomcat.TomcatWebServer] [36mTomcat started on port 8082 (http) with context path ''[0;39m
[2024-01-03 13:13:43 [32mINFO [0;39m restartedMain] [com.green.greengram4.Greengram4Application] [36mStarted Greengram4Application in 1.835 seconds (process running for 2.219)[0;39m
